  [1m[35m (61.5ms)[0m  [1m[35mCREATE TABLE "schema_migrations" ("version" character varying NOT NULL PRIMARY KEY)[0m
  [1m[35m (43.7ms)[0m  [1m[35mCREATE TABLE "ar_internal_metadata" ("key" character varying NOT NULL PRIMARY KEY, "value" character varying, "created_at" timestamp NOT NULL, "updated_at" timestamp NOT NULL)[0m
  [1m[35m (18.4ms)[0m  [1m[34mSELECT pg_try_advisory_lock(8518081555869047190)[0m
  [1m[35m (1.2ms)[0m  [1m[34mSELECT "schema_migrations"."version" FROM "schema_migrations" ORDER BY "schema_migrations"."version" ASC[0m
Migrating to CreateFreelanceDocuments (20170906173709)
  [1m[35m (8.3ms)[0m  [1m[35mBEGIN[0m
  [1m[35m (64.1ms)[0m  [1m[35mCREATE TABLE "freelance_documents" ("id" bigserial primary key, "title" character varying, "description" character varying, "file_url" text, "image_url" text, "created_at" timestamp NOT NULL, "updated_at" timestamp NOT NULL)[0m
  [1m[35mSQL (2.8ms)[0m  [1m[32mINSERT INTO "schema_migrations" ("version") VALUES ($1) RETURNING "version"[0m  [["version", "20170906173709"]]
  [1m[35m (0.6ms)[0m  [1m[35mCOMMIT[0m
  [1m[36mActiveRecord::InternalMetadata Load (7.7ms)[0m  [1m[34mSELECT  "ar_internal_metadata".* FROM "ar_internal_metadata" WHERE "ar_internal_metadata"."key" = $1 LIMIT $2[0m  [["key", "environment"], ["LIMIT", 1]]
  [1m[35m (0.2ms)[0m  [1m[35mBEGIN[0m
  [1m[35mSQL (18.8ms)[0m  [1m[32mINSERT INTO "ar_internal_metadata" ("key", "value", "created_at", "updated_at") VALUES ($1, $2, $3, $4) RETURNING "key"[0m  [["key", "environment"], ["value", "development"], ["created_at", "2017-09-06 17:37:55.459678"], ["updated_at", "2017-09-06 17:37:55.459678"]]
  [1m[35m (0.5ms)[0m  [1m[35mCOMMIT[0m
  [1m[35m (0.4ms)[0m  [1m[34mSELECT pg_advisory_unlock(8518081555869047190)[0m
  [1m[35m (6.1ms)[0m  [1m[34mSELECT "schema_migrations"."version" FROM "schema_migrations" ORDER BY "schema_migrations"."version" ASC[0m
  [1m[35m (0.8ms)[0m  [1m[34mSELECT "schema_migrations"."version" FROM "schema_migrations" ORDER BY "schema_migrations"."version" ASC[0m
  [1m[35m (11.8ms)[0m  [1m[34mSELECT "ar_internal_metadata"."value" FROM "ar_internal_metadata" WHERE "ar_internal_metadata"."key" = $1[0m  [["key", "environment"]]
  [1m[35m (0.3ms)[0m  [1m[34mSELECT "schema_migrations"."version" FROM "schema_migrations" ORDER BY "schema_migrations"."version" ASC[0m
  [1m[35m (0.3ms)[0m  [1m[34mSELECT "ar_internal_metadata"."value" FROM "ar_internal_metadata" WHERE "ar_internal_metadata"."key" = $1[0m  [["key", "environment"]]
  [1m[35m (0.3ms)[0m  [1m[34mSELECT "schema_migrations"."version" FROM "schema_migrations" ORDER BY "schema_migrations"."version" ASC[0m
  [1m[35m (0.2ms)[0m  [1m[34mSELECT "ar_internal_metadata"."value" FROM "ar_internal_metadata" WHERE "ar_internal_metadata"."key" = $1[0m  [["key", "environment"]]
  [1m[35mSQL (20.0ms)[0m  [1m[35mCREATE EXTENSION IF NOT EXISTS "plpgsql"[0m
  [1m[35m (8.3ms)[0m  [1m[35mDROP TABLE IF EXISTS "freelance_documents" CASCADE[0m
  [1m[35m (11.6ms)[0m  [1m[35mCREATE TABLE "freelance_documents" ("id" bigserial primary key, "title" character varying, "description" character varying, "file_url" text, "image_url" text, "created_at" timestamp NOT NULL, "updated_at" timestamp NOT NULL)[0m
  [1m[35m (1.1ms)[0m  [1m[34mSELECT "schema_migrations"."version" FROM "schema_migrations" ORDER BY "schema_migrations"."version" ASC[0m
  [1m[36mActiveRecord::InternalMetadata Load (1.1ms)[0m  [1m[34mSELECT  "ar_internal_metadata".* FROM "ar_internal_metadata" WHERE "ar_internal_metadata"."key" = $1 LIMIT $2[0m  [["key", "environment"], ["LIMIT", 1]]
  [1m[35m (0.2ms)[0m  [1m[35mBEGIN[0m
  [1m[35m (0.1ms)[0m  [1m[35mCOMMIT[0m
  [1m[36mActiveRecord::InternalMetadata Load (0.3ms)[0m  [1m[34mSELECT  "ar_internal_metadata".* FROM "ar_internal_metadata" WHERE "ar_internal_metadata"."key" = $1 LIMIT $2[0m  [["key", "environment"], ["LIMIT", 1]]
  [1m[35m (0.1ms)[0m  [1m[35mBEGIN[0m
  [1m[35m (0.1ms)[0m  [1m[35mCOMMIT[0m
  [1m[35mSQL (0.8ms)[0m  [1m[35mCREATE EXTENSION IF NOT EXISTS "plpgsql"[0m
  [1m[35m (0.5ms)[0m  [1m[35mDROP TABLE IF EXISTS "freelance_documents" CASCADE[0m
  [1m[35m (19.5ms)[0m  [1m[35mCREATE TABLE "freelance_documents" ("id" bigserial primary key, "title" character varying, "description" character varying, "file_url" text, "image_url" text, "created_at" timestamp NOT NULL, "updated_at" timestamp NOT NULL)[0m
  [1m[35m (3.8ms)[0m  [1m[35mCREATE TABLE "schema_migrations" ("version" character varying NOT NULL PRIMARY KEY)[0m
  [1m[35m (1.2ms)[0m  [1m[34mSELECT "schema_migrations"."version" FROM "schema_migrations" ORDER BY "schema_migrations"."version" ASC[0m
  [1m[35m (0.7ms)[0m  [1m[32mINSERT INTO "schema_migrations" (version) VALUES (20170906173709)[0m
  [1m[35m (2.7ms)[0m  [1m[35mCREATE TABLE "ar_internal_metadata" ("key" character varying NOT NULL PRIMARY KEY, "value" character varying, "created_at" timestamp NOT NULL, "updated_at" timestamp NOT NULL)[0m
  [1m[36mActiveRecord::InternalMetadata Load (1.6ms)[0m  [1m[34mSELECT  "ar_internal_metadata".* FROM "ar_internal_metadata" WHERE "ar_internal_metadata"."key" = $1 LIMIT $2[0m  [["key", "environment"], ["LIMIT", 1]]
  [1m[35m (0.2ms)[0m  [1m[35mBEGIN[0m
  [1m[35mSQL (0.9ms)[0m  [1m[32mINSERT INTO "ar_internal_metadata" ("key", "value", "created_at", "updated_at") VALUES ($1, $2, $3, $4) RETURNING "key"[0m  [["key", "environment"], ["value", "development"], ["created_at", "2017-09-06 17:48:00.849318"], ["updated_at", "2017-09-06 17:48:00.849318"]]
  [1m[35m (0.6ms)[0m  [1m[35mCOMMIT[0m
  [1m[36mActiveRecord::InternalMetadata Load (0.4ms)[0m  [1m[34mSELECT  "ar_internal_metadata".* FROM "ar_internal_metadata" WHERE "ar_internal_metadata"."key" = $1 LIMIT $2[0m  [["key", "environment"], ["LIMIT", 1]]
  [1m[35m (0.1ms)[0m  [1m[35mBEGIN[0m
  [1m[35m (0.1ms)[0m  [1m[35mCOMMIT[0m
  [1m[35m (1.2ms)[0m  [1m[34mSELECT "schema_migrations"."version" FROM "schema_migrations" ORDER BY "schema_migrations"."version" ASC[0m
  [1m[35m (0.2ms)[0m  [1m[35mBEGIN[0m
  [1m[35mSQL (0.8ms)[0m  [1m[32mINSERT INTO "freelance_documents" ("title", "description", "file_url", "image_url", "created_at", "updated_at") VALUES ($1, $2, $3, $4, $5, $6) RETURNING "id"[0m  [["title", "Document 0"], ["description", "Lorem ipsum dolor sit amet, consectetur adipiscing elit, sed do eiusmod tempor incididunt ut labore et dolore magna aliqua. Ut enim ad minim veniam, quis nostrud exercitation"], ["file_url", "https://docs.google.com/document/d/1UUgAob6ZpivgkgCbMD84JMMRc1flrzCPKybtQoAfASo/edit?usp=sharing"], ["image_url", "https://s3.amazonaws.com/devcamp-static/images/freelance-img.jpg"], ["created_at", "2017-09-06 17:48:00.902913"], ["updated_at", "2017-09-06 17:48:00.902913"]]
  [1m[35m (5.2ms)[0m  [1m[35mCOMMIT[0m
  [1m[35m (0.2ms)[0m  [1m[35mBEGIN[0m
  [1m[35mSQL (0.6ms)[0m  [1m[32mINSERT INTO "freelance_documents" ("title", "description", "file_url", "image_url", "created_at", "updated_at") VALUES ($1, $2, $3, $4, $5, $6) RETURNING "id"[0m  [["title", "Document 1"], ["description", "Lorem ipsum dolor sit amet, consectetur adipiscing elit, sed do eiusmod tempor incididunt ut labore et dolore magna aliqua. Ut enim ad minim veniam, quis nostrud exercitation"], ["file_url", "https://docs.google.com/document/d/1UUgAob6ZpivgkgCbMD84JMMRc1flrzCPKybtQoAfASo/edit?usp=sharing"], ["image_url", "https://s3.amazonaws.com/devcamp-static/images/freelance-img.jpg"], ["created_at", "2017-09-06 17:48:00.910829"], ["updated_at", "2017-09-06 17:48:00.910829"]]
  [1m[35m (0.5ms)[0m  [1m[35mCOMMIT[0m
  [1m[35m (0.2ms)[0m  [1m[35mBEGIN[0m
  [1m[35mSQL (0.7ms)[0m  [1m[32mINSERT INTO "freelance_documents" ("title", "description", "file_url", "image_url", "created_at", "updated_at") VALUES ($1, $2, $3, $4, $5, $6) RETURNING "id"[0m  [["title", "Document 2"], ["description", "Lorem ipsum dolor sit amet, consectetur adipiscing elit, sed do eiusmod tempor incididunt ut labore et dolore magna aliqua. Ut enim ad minim veniam, quis nostrud exercitation"], ["file_url", "https://docs.google.com/document/d/1UUgAob6ZpivgkgCbMD84JMMRc1flrzCPKybtQoAfASo/edit?usp=sharing"], ["image_url", "https://s3.amazonaws.com/devcamp-static/images/freelance-img.jpg"], ["created_at", "2017-09-06 17:48:00.914062"], ["updated_at", "2017-09-06 17:48:00.914062"]]
  [1m[35m (0.4ms)[0m  [1m[35mCOMMIT[0m
  [1m[35m (0.2ms)[0m  [1m[35mBEGIN[0m
  [1m[35mSQL (0.5ms)[0m  [1m[32mINSERT INTO "freelance_documents" ("title", "description", "file_url", "image_url", "created_at", "updated_at") VALUES ($1, $2, $3, $4, $5, $6) RETURNING "id"[0m  [["title", "Document 3"], ["description", "Lorem ipsum dolor sit amet, consectetur adipiscing elit, sed do eiusmod tempor incididunt ut labore et dolore magna aliqua. Ut enim ad minim veniam, quis nostrud exercitation"], ["file_url", "https://docs.google.com/document/d/1UUgAob6ZpivgkgCbMD84JMMRc1flrzCPKybtQoAfASo/edit?usp=sharing"], ["image_url", "https://s3.amazonaws.com/devcamp-static/images/freelance-img.jpg"], ["created_at", "2017-09-06 17:48:00.917230"], ["updated_at", "2017-09-06 17:48:00.917230"]]
  [1m[35m (0.3ms)[0m  [1m[35mCOMMIT[0m
  [1m[35m (0.1ms)[0m  [1m[35mBEGIN[0m
  [1m[35mSQL (0.3ms)[0m  [1m[32mINSERT INTO "freelance_documents" ("title", "description", "file_url", "image_url", "created_at", "updated_at") VALUES ($1, $2, $3, $4, $5, $6) RETURNING "id"[0m  [["title", "Document 4"], ["description", "Lorem ipsum dolor sit amet, consectetur adipiscing elit, sed do eiusmod tempor incididunt ut labore et dolore magna aliqua. Ut enim ad minim veniam, quis nostrud exercitation"], ["file_url", "https://docs.google.com/document/d/1UUgAob6ZpivgkgCbMD84JMMRc1flrzCPKybtQoAfASo/edit?usp=sharing"], ["image_url", "https://s3.amazonaws.com/devcamp-static/images/freelance-img.jpg"], ["created_at", "2017-09-06 17:48:00.919609"], ["updated_at", "2017-09-06 17:48:00.919609"]]
  [1m[35m (0.3ms)[0m  [1m[35mCOMMIT[0m
  [1m[35m (0.1ms)[0m  [1m[35mBEGIN[0m
  [1m[35mSQL (0.3ms)[0m  [1m[32mINSERT INTO "freelance_documents" ("title", "description", "file_url", "image_url", "created_at", "updated_at") VALUES ($1, $2, $3, $4, $5, $6) RETURNING "id"[0m  [["title", "Document 5"], ["description", "Lorem ipsum dolor sit amet, consectetur adipiscing elit, sed do eiusmod tempor incididunt ut labore et dolore magna aliqua. Ut enim ad minim veniam, quis nostrud exercitation"], ["file_url", "https://docs.google.com/document/d/1UUgAob6ZpivgkgCbMD84JMMRc1flrzCPKybtQoAfASo/edit?usp=sharing"], ["image_url", "https://s3.amazonaws.com/devcamp-static/images/freelance-img.jpg"], ["created_at", "2017-09-06 17:48:00.921505"], ["updated_at", "2017-09-06 17:48:00.921505"]]
  [1m[35m (0.3ms)[0m  [1m[35mCOMMIT[0m
  [1m[35m (0.1ms)[0m  [1m[35mBEGIN[0m
  [1m[35mSQL (0.3ms)[0m  [1m[32mINSERT INTO "freelance_documents" ("title", "description", "file_url", "image_url", "created_at", "updated_at") VALUES ($1, $2, $3, $4, $5, $6) RETURNING "id"[0m  [["title", "Document 6"], ["description", "Lorem ipsum dolor sit amet, consectetur adipiscing elit, sed do eiusmod tempor incididunt ut labore et dolore magna aliqua. Ut enim ad minim veniam, quis nostrud exercitation"], ["file_url", "https://docs.google.com/document/d/1UUgAob6ZpivgkgCbMD84JMMRc1flrzCPKybtQoAfASo/edit?usp=sharing"], ["image_url", "https://s3.amazonaws.com/devcamp-static/images/freelance-img.jpg"], ["created_at", "2017-09-06 17:48:00.923306"], ["updated_at", "2017-09-06 17:48:00.923306"]]
  [1m[35m (0.3ms)[0m  [1m[35mCOMMIT[0m
  [1m[35m (0.1ms)[0m  [1m[35mBEGIN[0m
  [1m[35mSQL (0.3ms)[0m  [1m[32mINSERT INTO "freelance_documents" ("title", "description", "file_url", "image_url", "created_at", "updated_at") VALUES ($1, $2, $3, $4, $5, $6) RETURNING "id"[0m  [["title", "Document 7"], ["description", "Lorem ipsum dolor sit amet, consectetur adipiscing elit, sed do eiusmod tempor incididunt ut labore et dolore magna aliqua. Ut enim ad minim veniam, quis nostrud exercitation"], ["file_url", "https://docs.google.com/document/d/1UUgAob6ZpivgkgCbMD84JMMRc1flrzCPKybtQoAfASo/edit?usp=sharing"], ["image_url", "https://s3.amazonaws.com/devcamp-static/images/freelance-img.jpg"], ["created_at", "2017-09-06 17:48:00.925276"], ["updated_at", "2017-09-06 17:48:00.925276"]]
  [1m[35m (0.3ms)[0m  [1m[35mCOMMIT[0m
  [1m[35m (0.1ms)[0m  [1m[35mBEGIN[0m
  [1m[35mSQL (0.3ms)[0m  [1m[32mINSERT INTO "freelance_documents" ("title", "description", "file_url", "image_url", "created_at", "updated_at") VALUES ($1, $2, $3, $4, $5, $6) RETURNING "id"[0m  [["title", "Document 8"], ["description", "Lorem ipsum dolor sit amet, consectetur adipiscing elit, sed do eiusmod tempor incididunt ut labore et dolore magna aliqua. Ut enim ad minim veniam, quis nostrud exercitation"], ["file_url", "https://docs.google.com/document/d/1UUgAob6ZpivgkgCbMD84JMMRc1flrzCPKybtQoAfASo/edit?usp=sharing"], ["image_url", "https://s3.amazonaws.com/devcamp-static/images/freelance-img.jpg"], ["created_at", "2017-09-06 17:48:00.927094"], ["updated_at", "2017-09-06 17:48:00.927094"]]
  [1m[35m (0.3ms)[0m  [1m[35mCOMMIT[0m
  [1m[35m (0.1ms)[0m  [1m[35mBEGIN[0m
  [1m[35mSQL (0.3ms)[0m  [1m[32mINSERT INTO "freelance_documents" ("title", "description", "file_url", "image_url", "created_at", "updated_at") VALUES ($1, $2, $3, $4, $5, $6) RETURNING "id"[0m  [["title", "Document 9"], ["description", "Lorem ipsum dolor sit amet, consectetur adipiscing elit, sed do eiusmod tempor incididunt ut labore et dolore magna aliqua. Ut enim ad minim veniam, quis nostrud exercitation"], ["file_url", "https://docs.google.com/document/d/1UUgAob6ZpivgkgCbMD84JMMRc1flrzCPKybtQoAfASo/edit?usp=sharing"], ["image_url", "https://s3.amazonaws.com/devcamp-static/images/freelance-img.jpg"], ["created_at", "2017-09-06 17:48:00.928908"], ["updated_at", "2017-09-06 17:48:00.928908"]]
  [1m[35m (0.3ms)[0m  [1m[35mCOMMIT[0m
  [1m[36mFreelanceDocument Load (0.4ms)[0m  [1m[34mSELECT  "freelance_documents".* FROM "freelance_documents" ORDER BY "freelance_documents"."id" DESC LIMIT $1[0m  [["LIMIT", 1]]
Started GET "/freelance_documents" for ::1 at 2017-09-06 11:50:25 -0600
  [1m[35m (0.8ms)[0m  [1m[34mSELECT "schema_migrations"."version" FROM "schema_migrations" ORDER BY "schema_migrations"."version" ASC[0m
Processing by FreelanceDocumentsController#index as HTML
  [1m[36mFreelanceDocument Load (0.7ms)[0m  [1m[34mSELECT "freelance_documents".* FROM "freelance_documents"[0m
Completed 200 OK in 22ms (Views: 10.4ms | ActiveRecord: 5.7ms)


Started GET "/favicon.ico" for ::1 at 2017-09-06 11:50:25 -0600
  
ActionController::RoutingError (No route matches [GET] "/favicon.ico"):
  
actionpack (5.1.3) lib/action_dispatch/middleware/debug_exceptions.rb:63:in `call'
actionpack (5.1.3) lib/action_dispatch/middleware/show_exceptions.rb:31:in `call'
railties (5.1.3) lib/rails/rack/logger.rb:36:in `call_app'
railties (5.1.3) lib/rails/rack/logger.rb:24:in `block in call'
activesupport (5.1.3) lib/active_support/tagged_logging.rb:69:in `block in tagged'
activesupport (5.1.3) lib/active_support/tagged_logging.rb:26:in `tagged'
activesupport (5.1.3) lib/active_support/tagged_logging.rb:69:in `tagged'
railties (5.1.3) lib/rails/rack/logger.rb:24:in `call'
actionpack (5.1.3) lib/action_dispatch/middleware/remote_ip.rb:79:in `call'
actionpack (5.1.3) lib/action_dispatch/middleware/request_id.rb:25:in `call'
rack (2.0.3) lib/rack/runtime.rb:22:in `call'
activesupport (5.1.3) lib/active_support/cache/strategy/local_cache_middleware.rb:27:in `call'
actionpack (5.1.3) lib/action_dispatch/middleware/executor.rb:12:in `call'
actionpack (5.1.3) lib/action_dispatch/middleware/static.rb:125:in `call'
rack (2.0.3) lib/rack/sendfile.rb:111:in `call'
railties (5.1.3) lib/rails/engine.rb:522:in `call'
puma (3.10.0) lib/puma/configuration.rb:225:in `call'
puma (3.10.0) lib/puma/server.rb:605:in `handle_request'
puma (3.10.0) lib/puma/server.rb:437:in `process_client'
puma (3.10.0) lib/puma/server.rb:301:in `block in run'
puma (3.10.0) lib/puma/thread_pool.rb:120:in `block in spawn_thread'
